#
# A fatal error has been detected by the Java Runtime Environment:
#
#  SIGSEGV (0xb) at pc=0x0000000109146e85, pid=3684, tid=36363
#
# JRE version: OpenJDK Runtime Environment Temurin-17.0.2+8 (17.0.2+8) (build 17.0.2+8)
# Java VM: OpenJDK 64-Bit Server VM Temurin-17.0.2+8 (17.0.2+8, mixed mode, tiered, compressed oops, compressed class ptrs, parallel gc, bsd-amd64)
# Problematic frame:
# V  [libjvm.dylib+0x28ee85]  JVMState::clone_shallow(Compile*) const+0x85
#
# No core dump will be written. Core dumps have been disabled. To enable core dumping, try "ulimit -c unlimited" before starting Java again
#
# If you would like to submit a bug report, please visit:
#   https://github.com/adoptium/adoptium-support/issues
#

---------------  S U M M A R Y ------------

Command Line: --add-modules=ALL-SYSTEM --add-opens=java.base/java.util=ALL-UNNAMED --add-opens=java.base/java.lang=ALL-UNNAMED --add-opens=java.base/sun.nio.fs=ALL-UNNAMED -Declipse.application=org.eclipse.jdt.ls.core.id1 -Dosgi.bundles.defaultStartLevel=4 -Declipse.product=org.eclipse.jdt.ls.core.product -Djava.import.generatesMetadataFilesAtProjectRoot=false -Dfile.encoding=utf8 -XX:+UseParallelGC -XX:GCTimeRatio=4 -XX:AdaptiveSizePolicyWeight=90 -Dsun.zip.disableMemoryMapping=true -Xmx1G -Xms100m -javaagent:/Users/rupesh/.vscode/extensions/gabrielbb.vscode-lombok-1.0.1/server/lombok.jar -XX:+HeapDumpOnOutOfMemoryError -XX:HeapDumpPath=/Users/rupesh/Library/Application Support/Code/User/workspaceStorage/2fb61b805182e75c9dc8e37fd030b885/redhat.java /Users/rupesh/.vscode/extensions/redhat.java-1.4.0/server/plugins/org.eclipse.equinox.launcher_1.6.400.v20210924-0641.jar -configuration /Users/rupesh/Library/Application Support/Code/User/globalStorage/redhat.java/1.4.0/config_mac -data /Users/rupesh/Library/Application Support/Code/User/workspaceStorage/2fb61b805182e75c9dc8e37fd030b885/redhat.java/jdt_ws

Host: "MacBookPro9,2" x86_64 2500 MHz, 4 cores, 16G, Darwin 19.6.0, macOS 10.15.7 (19H15)
Time: Sun Mar 20 22:07:30 2022 IST elapsed time: 28.657023 seconds (0d 0h 0m 28s)

---------------  T H R E A D  ---------------

Current thread (0x00007fc8210d0200):  JavaThread "C2 CompilerThread1" daemon [_thread_in_native, id=36363, stack(0x000070000e2eb000,0x000070000e3eb000)]


Current CompileTask:
C2:  28657 6719       4       org.eclipse.jdt.internal.compiler.lookup.Scope::getTypeOrPackage (1692 bytes)

Stack: [0x000070000e2eb000,0x000070000e3eb000],  sp=0x000070000e3e7be0,  free space=1010k
Native frames: (J=compiled Java code, j=interpreted, Vv=VM code, C=native code)
V  [libjvm.dylib+0x28ee85]  JVMState::clone_shallow(Compile*) const+0x85
V  [libjvm.dylib+0x2900b7]  CallJavaNode::copy_call_debug_info(PhaseIterGVN*, SafePointNode*)+0x1d7
V  [libjvm.dylib+0x7a455f]  PhaseMacroExpand::generate_slow_arraycopy(ArrayCopyNode*, Node**, Node*, Node**, TypePtr const*, Node*, Node*, Node*, Node*, Node*, bool)+0x3ff
V  [libjvm.dylib+0x7a2240]  PhaseMacroExpand::generate_arraycopy(ArrayCopyNode*, AllocateArrayNode*, Node**, MergeMemNode*, Node**, TypePtr const*, BasicType, Node*, Node*, Node*, Node*, Node*, bool, bool, RegionNode*)+0x2410
V  [libjvm.dylib+0x7a4bc5]  PhaseMacroExpand::expand_arraycopy_node(ArrayCopyNode*)+0x545
V  [libjvm.dylib+0x79d6f6]  PhaseMacroExpand::expand_macro_nodes()+0x3f6
V  [libjvm.dylib+0x328732]  Compile::Optimize()+0x1d52
V  [libjvm.dylib+0x325608]  Compile::Compile(ciEnv*, ciMethod*, int, bool, bool, bool, bool, bool, DirectiveSet*)+0x1128
V  [libjvm.dylib+0x287346]  C2Compiler::compile_method(ciEnv*, ciMethod*, int, bool, DirectiveSet*)+0xb6
V  [libjvm.dylib+0x339aa9]  CompileBroker::invoke_compiler_on_method(CompileTask*)+0x659
V  [libjvm.dylib+0x33917e]  CompileBroker::compiler_thread_loop()+0x21e
V  [libjvm.dylib+0xaa1285]  JavaThread::thread_main_inner()+0x145
V  [libjvm.dylib+0xa9f63a]  Thread::call_run()+0x11a
V  [libjvm.dylib+0x8ac48b]  thread_native_entry(Thread*)+0x14b
C  [libsystem_pthread.dylib+0x6109]  _pthread_start+0x94
C  [libsystem_pthread.dylib+0x1b8b]  thread_start+0xf


siginfo: si_signo: 11 (SIGSEGV), si_code: 1 (SEGV_MAPERR), si_addr: 0x00007fcc2123be28

Register to memory mapping:

RAX=0x00007fc81f246f50 points into unknown readable memory: 0x00007fcc2123be20 | 20 be 23 21 cc 7f 00 00
RBX=0x000070000e3ea160 is pointing into the stack for thread: 0x00007fc8210d0200
RCX=0x00007fc8203a6010 points into unknown readable memory: 0x0000000109b90c58 | 58 0c b9 09 01 00 00 00
RDX=0x00007fcc2123be20 is an unknown value
RSP=0x000070000e3e7be0 is pointing into the stack for thread: 0x00007fc8210d0200
RBP=0x000070000e3e7c00 is pointing into the stack for thread: 0x00007fc8210d0200
RSI=0x000070000e3ea160 is pointing into the stack for thread: 0x00007fc8210d0200
RDI=0x00007fc82123bde0 points into unknown readable memory: 0x00007fcc2123be20 | 20 be 23 21 cc 7f 00 00
R8 =0x0 is NULL
R9 =0x00007fc81a839318 points into unknown readable memory: 0x00007fc81a837c10 | 10 7c 83 1a c8 7f 00 00
R10=0x0000000109bf2680: _ZL8tc_mutex+0x18 in /Users/rupesh/.vscode/extensions/redhat.java-1.4.0/jre/17.0.2-macosx-x86_64/lib/server/libjvm.dylib at 0x0000000108eb8000
R11=0x0000000000000070 is an unknown value
R12=0x00007fc8203a6010 points into unknown readable memory: 0x0000000109b90c58 | 58 0c b9 09 01 00 00 00
R13=0x000070000e3ea160 is pointing into the stack for thread: 0x00007fc8210d0200
R14=0x000070000e3ea290 is pointing into the stack for thread: 0x00007fc8210d0200
R15=0x00007fc82123bde0 points into unknown readable memory: 0x00007fcc2123be20 | 20 be 23 21 cc 7f 00 00


Registers:
RAX=0x00007fc81f246f50, RBX=0x000070000e3ea160, RCX=0x00007fc8203a6010, RDX=0x00007fcc2123be20
RSP=0x000070000e3e7be0, RBP=0x000070000e3e7c00, RSI=0x000070000e3ea160, RDI=0x00007fc82123bde0
R8 =0x0000000000000000, R9 =0x00007fc81a839318, R10=0x0000000109bf2680, R11=0x0000000000000070
R12=0x00007fc8203a6010, R13=0x000070000e3ea160, R14=0x000070000e3ea290, R15=0x00007fc82123bde0
RIP=0x0000000109146e85, EFLAGS=0x0000000000010202, ERR=0x0000000000000004
  TRAPNO=0x000000000000000e

Top of Stack: (sp=0x000070000e3e7be0)
0x000070000e3e7be0:   00007fc81dcca270 00007fc8210b2300
0x000070000e3e7bf0:   00007fc82100bba8 00007fc8201464e8
0x000070000e3e7c00:   000070000e3e7c60 00000001091480b7
0x000070000e3e7c10:   0000000000004cdd 00007fc8210b2300
0x000070000e3e7c20:   000070000e3e7f50 000070000e3ea160
0x000070000e3e7c30:   0000000e0000000a 00007fc82100bba8
0x000070000e3e7c40:   00007fc821115d48 00007fc81fc98328
0x000070000e3e7c50:   00007fc8201464e8 000070000e3e94c0
0x000070000e3e7c60:   000070000e3e7cc0 000000010965c55f
0x000070000e3e7c70:   00007fc81a839d98 00007fc82100bba8
0x000070000e3e7c80:   000070000e3e7db8 00007fc8201460b0
0x000070000e3e7c90:   000070000e3e7d88 00007fc8201460b0
0x000070000e3e7ca0:   000070000e3e94c0 00007fc820376158
0x000070000e3e7cb0:   00007fc820144f50 00007fc820144fb0
0x000070000e3e7cc0:   000070000e3e7e10 000000010965a240
0x000070000e3e7cd0:   00007fc81fc98328 00007fc821115e08
0x000070000e3e7ce0:   00007fc821009828 00007fc821115d48
0x000070000e3e7cf0:   00007fc81f923a20 0000000000000000
0x000070000e3e7d00:   00007fc820376158 00007fc8203764a8
0x000070000e3e7d10:   00007fc821115e08 00000001090176a8
0x000070000e3e7d20:   00007fc81f923a20 00007fc820144f50
0x000070000e3e7d30:   0000000000000000 00007fc821115d48
0x000070000e3e7d40:   0000000000000000 00007fc820375c50
0x000070000e3e7d50:   00007fc820144fb0 00007fc82100bba8
0x000070000e3e7d60:   00007fc8201450c0 000070000e3e7e98
0x000070000e3e7d70:   00007fc800000000 0000000000000000
0x000070000e3e7d80:   00007fc81fd48120 00007fc8203764a8
0x000070000e3e7d90:   0000000000000000 00007fc81dcca270
0x000070000e3e7da0:   00007fc820145038 00007fc81a839d98
0x000070000e3e7db0:   0000000000000000 00007fc820144f50
0x000070000e3e7dc0:   0000000000000000 000070000e3e94c0
0x000070000e3e7dd0:   0000000e0e3e7df0 000070000e3e7ec0 

Instructions: (pc=0x0000000109146e85)
0x0000000109146d85:   39 f2 75 f7 29 f0 83 f9 07 72 1d 48 8b 0f 48 8b
0x0000000109146d95:   09 48 8b 09 48 8b 09 48 8b 09 48 8b 09 48 8b 09
0x0000000109146da5:   48 8b 39 83 c0 f8 7f e3 8b 47 0c 5d c3 66 2e 0f
0x0000000109146db5:   1f 84 00 00 00 00 00 0f 1f 40 00 55 48 89 e5 8b
0x0000000109146dc5:   47 1c 5d c3 0f 1f 80 00 00 00 00 55 48 89 e5 31
0x0000000109146dd5:   c0 48 85 ff 74 1c 0f 1f 44 00 00 03 47 10 2b 47
0x0000000109146de5:   0c 03 47 20 2b 47 14 03 47 1c 48 8b 3f 48 85 ff
0x0000000109146df5:   75 e9 5d c3 0f 1f 80 00 00 00 00 55 48 89 e5 41
0x0000000109146e05:   57 41 56 41 54 53 48 89 f3 49 89 ff 4c 8b 67 30
0x0000000109146e15:   4c 8d b6 30 01 00 00 48 8b 86 48 01 00 00 48 83
0x0000000109146e25:   f8 c0 72 1b 48 8d 15 2c 21 90 00 be 40 00 00 00
0x0000000109146e35:   4c 89 f7 e8 e3 06 ed ff 48 8b 83 48 01 00 00 48
0x0000000109146e45:   8d 48 40 48 3b 8b 50 01 00 00 76 3b be 40 00 00
0x0000000109146e55:   00 31 d2 4c 89 f7 e8 f0 06 ed ff 4d 85 e4 74 33
0x0000000109146e65:   48 85 c0 74 6a 49 8b 17 49 8b 4f 30 48 89 48 30
0x0000000109146e75:   48 c7 40 24 ff ff ff ff 48 89 10 48 85 d2 74 5c
0x0000000109146e85:   8b 52 08 ff c2 eb 5a 48 89 8b 48 01 00 00 4d 85
0x0000000109146e95:   e4 75 cd 48 85 c0 74 37 48 c7 40 30 00 00 00 00
0x0000000109146ea5:   c7 40 28 ff ff ff ff 48 c7 00 00 00 00 00 0f 28
0x0000000109146eb5:   05 a6 c5 98 00 0f 11 40 08 0f 28 05 ab c5 98 00
0x0000000109146ec5:   0f 11 40 18 41 8b 4f 24 39 48 24 75 43 eb 48 31
0x0000000109146ed5:   c0 41 8b 4f 24 39 48 24 75 36 eb 3b ba 01 00 00
0x0000000109146ee5:   00 89 50 08 c7 40 0c 05 00 00 00 8b 51 50 83 c2
0x0000000109146ef5:   05 89 50 10 03 51 4c 89 50 14 89 50 18 89 50 1c
0x0000000109146f05:   c7 40 20 00 00 00 00 41 8b 4f 24 39 48 24 74 07
0x0000000109146f15:   c7 40 28 ff ff ff ff 89 48 24 41 8b 4f 28 89 48
0x0000000109146f25:   28 41 8b 4f 0c 89 48 0c 41 8b 4f 10 89 48 10 41
0x0000000109146f35:   8b 4f 14 89 48 14 41 8b 4f 18 89 48 18 41 8b 4f
0x0000000109146f45:   1c 89 48 1c 41 8b 4f 20 89 48 20 49 8b 4f 38 48
0x0000000109146f55:   89 48 38 5b 41 5c 41 5e 41 5f 5d c3 66 2e 0f 1f
0x0000000109146f65:   84 00 00 00 00 00 0f 1f 44 00 00 55 48 89 e5 41
0x0000000109146f75:   57 41 56 53 50 49 89 f7 e8 7e fe ff ff 49 89 c6 


Stack slot to memory mapping:
stack at sp + 0 slots: 0x00007fc81dcca270 points into unknown readable memory: 0x0000000109b9a2c8 | c8 a2 b9 09 01 00 00 00
stack at sp + 1 slots: 0x00007fc8210b2300 points into unknown readable memory: 0x00007fc81deb3750 | 50 37 eb 1d c8 7f 00 00
stack at sp + 2 slots: 0x00007fc82100bba8 points into unknown readable memory: 0x0000000109ba7d68 | 68 7d ba 09 01 00 00 00
stack at sp + 3 slots: 0x00007fc8201464e8 points into unknown readable memory: 0x0000000109b8f250 | 50 f2 b8 09 01 00 00 00
stack at sp + 4 slots: 0x000070000e3e7c60 is pointing into the stack for thread: 0x00007fc8210d0200
stack at sp + 5 slots: 0x00000001091480b7: _ZN12CallJavaNode20copy_call_debug_infoEP12PhaseIterGVNP13SafePointNode+0x1d7 in /Users/rupesh/.vscode/extensions/redhat.java-1.4.0/jre/17.0.2-macosx-x86_64/lib/server/libjvm.dylib at 0x0000000108eb8000
stack at sp + 6 slots: 0x0000000000004cdd is an unknown value
stack at sp + 7 slots: 0x00007fc8210b2300 points into unknown readable memory: 0x00007fc81deb3750 | 50 37 eb 1d c8 7f 00 00


---------------  P R O C E S S  ---------------

Threads class SMR info:
_java_thread_list=0x00007fc81dee22a0, length=27, elements={
0x00007fc81a00b800, 0x00007fc81a80d400, 0x00007fc81a028400, 0x00007fc81a80e000,
0x00007fc81a029800, 0x00007fc81d008200, 0x00007fc81b011000, 0x00007fc81b011600,
0x00007fc81d008800, 0x00007fc81a041400, 0x00007fc81b011c00, 0x00007fc81a877a00,
0x00007fc81a811000, 0x00007fc81d00c600, 0x00007fc81a813200, 0x00007fc81a811e00,
0x00007fc81a121a00, 0x00007fc81a9c0e00, 0x00007fc81a0ea400, 0x00007fc81b193a00,
0x00007fc81aa30800, 0x00007fc81d087200, 0x00007fc81a30fa00, 0x00007fc81a91fc00,
0x00007fc81b54c800, 0x00007fc8210d0200, 0x00007fc8200c4e00
}

Java Threads: ( => current thread )
  0x00007fc81a00b800 JavaThread "main" [_thread_blocked, id=5379, stack(0x000070000c66d000,0x000070000c76d000)]
  0x00007fc81a80d400 JavaThread "Reference Handler" daemon [_thread_blocked, id=14339, stack(0x000070000c976000,0x000070000ca76000)]
  0x00007fc81a028400 JavaThread "Finalizer" daemon [_thread_blocked, id=14851, stack(0x000070000ca79000,0x000070000cb79000)]
  0x00007fc81a80e000 JavaThread "Signal Dispatcher" daemon [_thread_blocked, id=16387, stack(0x000070000cc82000,0x000070000cd82000)]
  0x00007fc81a029800 JavaThread "Service Thread" daemon [_thread_blocked, id=16899, stack(0x000070000cd85000,0x000070000ce85000)]
  0x00007fc81d008200 JavaThread "Monitor Deflation Thread" daemon [_thread_blocked, id=21763, stack(0x000070000ce88000,0x000070000cf88000)]
  0x00007fc81b011000 JavaThread "C2 CompilerThread0" daemon [_thread_in_native, id=43011, stack(0x000070000cf8b000,0x000070000d08b000)]
  0x00007fc81b011600 JavaThread "C1 CompilerThread0" daemon [_thread_blocked, id=42755, stack(0x000070000d08e000,0x000070000d18e000)]
  0x00007fc81d008800 JavaThread "Sweeper thread" daemon [_thread_blocked, id=22531, stack(0x000070000d191000,0x000070000d291000)]
  0x00007fc81a041400 JavaThread "Common-Cleaner" daemon [_thread_blocked, id=22787, stack(0x000070000d294000,0x000070000d394000)]
  0x00007fc81b011c00 JavaThread "Notification Thread" daemon [_thread_blocked, id=23043, stack(0x000070000d397000,0x000070000d497000)]
  0x00007fc81a877a00 JavaThread "process reaper" daemon [_thread_blocked, id=41219, stack(0x000070000d6a0000,0x000070000d6c4000)]
  0x00007fc81a811000 JavaThread "Active Thread: Equinox Container: 7a188bbe-332d-480f-a9c1-244e7116e018" [_thread_blocked, id=41751, stack(0x000070000d59d000,0x000070000d69d000)]
  0x00007fc81d00c600 JavaThread "Framework Event Dispatcher: Equinox Container: 7a188bbe-332d-480f-a9c1-244e7116e018" daemon [_thread_blocked, id=17419, stack(0x000070000d9d0000,0x000070000dad0000)]
  0x00007fc81a813200 JavaThread "Start Level: Equinox Container: 7a188bbe-332d-480f-a9c1-244e7116e018" daemon [_thread_blocked, id=24323, stack(0x000070000dad3000,0x000070000dbd3000)]
  0x00007fc81a811e00 JavaThread "SCR Component Actor" daemon [_thread_blocked, id=24579, stack(0x000070000dbd6000,0x000070000dcd6000)]
  0x00007fc81a121a00 JavaThread "Worker-JM" [_thread_blocked, id=45119, stack(0x000070000dddc000,0x000070000dedc000)]
  0x00007fc81a9c0e00 JavaThread "Worker-0: Initialize workspace" [_thread_blocked, id=45323, stack(0x000070000dedf000,0x000070000dfdf000)]
  0x00007fc81a0ea400 JavaThread "Worker-1" [_thread_blocked, id=84995, stack(0x000070000dfe2000,0x000070000e0e2000)]
  0x00007fc81b193a00 JavaThread "Java indexing" daemon [_thread_blocked, id=84227, stack(0x000070000e1e8000,0x000070000e2e8000)]
  0x00007fc81aa30800 JavaThread "pool-3-thread-1" [_thread_blocked, id=18439, stack(0x000070000dcd9000,0x000070000ddd9000)]
  0x00007fc81d087200 JavaThread "pool-2-thread-1" [_thread_in_native, id=17927, stack(0x000070000e0e5000,0x000070000e1e5000)]
  0x00007fc81a30fa00 JavaThread "Worker-2" [_thread_blocked, id=45835, stack(0x000070000e3ee000,0x000070000e4ee000)]
  0x00007fc81a91fc00 JavaThread "Worker-3: Building" [_thread_blocked, id=46083, stack(0x000070000e4f1000,0x000070000e5f1000)]
  0x00007fc81b54c800 JavaThread "Bundle File Closer" daemon [_thread_blocked, id=83203, stack(0x000070000e5f4000,0x000070000e6f4000)]
=>0x00007fc8210d0200 JavaThread "C2 CompilerThread1" daemon [_thread_in_native, id=36363, stack(0x000070000e2eb000,0x000070000e3eb000)]
  0x00007fc8200c4e00 JavaThread "Compiler Processing Task" daemon [_thread_in_Java, id=46343, stack(0x000070000e6f7000,0x000070000e7f7000)]

Other Threads:
  0x00007fc819c37e30 VMThread "VM Thread" [stack: 0x000070000c873000,0x000070000c973000] [id=13571]
  0x00007fc81b92f250 WatcherThread [stack: 0x000070000d49a000,0x000070000d59a000] [id=23555]
  0x00007fc819c1dc30 GCTaskThread "GC Thread#0" [stack: 0x000070000c770000,0x000070000c870000] [id=12547]
  0x00007fc819c7fdc0 GCTaskThread "GC Thread#1" [stack: 0x000070000d6c7000,0x000070000d7c7000] [id=40963]
  0x00007fc819c81740 GCTaskThread "GC Thread#2" [stack: 0x000070000d7ca000,0x000070000d8ca000] [id=40451]
  0x00007fc819d75af0 GCTaskThread "GC Thread#3" [stack: 0x000070000d8cd000,0x000070000d9cd000] [id=39939]

Threads with active compile tasks:
C2 CompilerThread0    28683 6999       4       org.eclipse.jdt.internal.core.builder.NameEnvironment::findClass (512 bytes)
C2 CompilerThread1    28683 6719       4       org.eclipse.jdt.internal.compiler.lookup.Scope::getTypeOrPackage (1692 bytes)

VM state: not at safepoint (normal execution)

VM Mutex/Monitor currently owned by a thread: None

Heap address: 0x00000007c0000000, size: 1024 MB, Compressed Oops mode: Zero based, Oop shift amount: 3

CDS archive(s) not mapped
Compressed class space mapped at: 0x0000000800000000-0x0000000840000000, reserved size: 1073741824
Narrow klass base: 0x0000000800000000, Narrow klass shift: 0, Narrow klass range: 0x40000000

GC Precious Log:
 CPUs: 4 total, 4 available
 Memory: 16384M
 Large Page Support: Disabled
 NUMA Support: Disabled
 Compressed Oops: Enabled (Zero based)
 Alignments: Space 512K, Generation 512K, Heap 2M
 Heap Min Capacity: 100M
 Heap Initial Capacity: 100M
 Heap Max Capacity: 1G
 Pre-touch: Disabled
 Parallel Workers: 4

Heap:
 PSYoungGen      total 23552K, used 9209K [0x00000007eab00000, 0x00000007ec480000, 0x0000000800000000)
  eden space 20480K, 36% used [0x00000007eab00000,0x00000007eb243c10,0x00000007ebf00000)
  from space 3072K, 57% used [0x00000007ebf00000,0x00000007ec0baaf0,0x00000007ec200000)
  to   space 2048K, 0% used [0x00000007ec280000,0x00000007ec280000,0x00000007ec480000)
 ParOldGen       total 68608K, used 43070K [0x00000007c0000000, 0x00000007c4300000, 0x00000007eab00000)
  object space 68608K, 62% used [0x00000007c0000000,0x00000007c2a0fb98,0x00000007c4300000)
 Metaspace       used 57101K, committed 58048K, reserved 1105920K
  class space    used 6134K, committed 6528K, reserved 1048576K

Card table byte_map: [0x000000010d6a6000,0x000000010d8a7000] _byte_map_base: 0x00000001098a6000

Marking Bits: (ParMarkBitMap*) 0x0000000109c2dd80
 Begin Bits: [0x000000010d9fd000, 0x000000010e9fd000)
 End Bits:   [0x000000010e9fd000, 0x000000010f9fd000)

Polling page: 0x000000010a041000

Metaspace:

Usage:
  Non-class:     49.77 MB used.
      Class:      5.99 MB used.
       Both:     55.76 MB used.

Virtual space:
  Non-class space:       56.00 MB reserved,      50.31 MB ( 90%) committed,  7 nodes.
      Class space:        1.00 GB reserved,       6.38 MB ( <1%) committed,  1 nodes.
             Both:        1.05 GB reserved,      56.69 MB (  5%) committed. 

Chunk freelists:
   Non-Class:  1.66 MB
       Class:  1.51 MB
        Both:  3.17 MB

MaxMetaspaceSize: unlimited
CompressedClassSpaceSize: 1.00 GB
Initial GC threshold: 21.00 MB
Current GC threshold: 58.38 MB
CDS: off
MetaspaceReclaimPolicy: balanced
 - commit_granule_bytes: 65536.
 - commit_granule_words: 8192.
 - virtual_space_node_default_size: 1048576.
 - enlarge_chunks_in_place: 1.
 - new_chunks_are_fully_committed: 0.
 - uncommit_free_chunks: 1.
 - use_allocation_guard: 0.
 - handle_deallocations: 1.


Internal statistics:

num_allocs_failed_limit: 6.
num_arena_births: 418.
num_arena_deaths: 0.
num_vsnodes_births: 8.
num_vsnodes_deaths: 0.
num_space_committed: 907.
num_space_uncommitted: 0.
num_chunks_returned_to_freelist: 6.
num_chunks_taken_from_freelist: 2572.
num_chunk_merges: 6.
num_chunk_splits: 1682.
num_chunks_enlarged: 1076.
num_purges: 0.
num_inconsistent_stats: 0.

CodeHeap 'non-profiled nmethods': size=120032Kb used=2569Kb max_used=2569Kb free=117462Kb
 bounds [0x0000000119bca000, 0x0000000119e5a000, 0x0000000121102000]
CodeHeap 'profiled nmethods': size=120028Kb used=12678Kb max_used=12678Kb free=107349Kb
 bounds [0x0000000112693000, 0x0000000113303000, 0x0000000119bca000]
CodeHeap 'non-nmethods': size=5700Kb used=1304Kb max_used=1334Kb free=4395Kb
 bounds [0x0000000112102000, 0x0000000112372000, 0x0000000112693000]
 total_blobs=6696 nmethods=6064 adapters=546
 compilation: enabled
              stopped_count=0, restarted_count=0
 full_count=0

Compilation events (20 events):
Event: 28.637 Thread 0x00007fc81b011600 nmethod 7046 0x00000001132edd90 code [0x00000001132edf40, 0x00000001132ee180]
Event: 28.637 Thread 0x00007fc81b011600 7050       2       org.eclipse.jdt.internal.compiler.ast.AbstractMethodDeclaration::isStatic (29 bytes)
Event: 28.637 Thread 0x00007fc81b011600 nmethod 7050 0x00000001132ee290 code [0x00000001132ee440, 0x00000001132ee5f0]
Event: 28.637 Thread 0x00007fc81b011600 7052       1       org.eclipse.jdt.internal.compiler.ast.Argument::isArgument (2 bytes)
Event: 28.637 Thread 0x00007fc81b011600 nmethod 7052 0x0000000119e4b110 code [0x0000000119e4b2a0, 0x0000000119e4b370]
Event: 28.638 Thread 0x00007fc81b011600 7060   !   2       org.eclipse.jdt.internal.compiler.lookup.SourceTypeBinding::getAnnotationTagBits (98 bytes)
Event: 28.638 Thread 0x00007fc81b011600 nmethod 7060 0x00000001132ee690 code [0x00000001132ee860, 0x00000001132eeae0]
Event: 28.639 Thread 0x00007fc81b011600 7061       2       org.eclipse.jdt.internal.compiler.ast.ASTNode::resolvePolyExpressionArguments (459 bytes)
Event: 28.641 Thread 0x00007fc81b011600 nmethod 7061 0x00000001132eec90 code [0x00000001132eeee0, 0x00000001132ef5e0]
Event: 28.641 Thread 0x00007fc81b011600 7064       2       org.eclipse.jdt.internal.compiler.ast.ASTNode::checkInvocationArguments (882 bytes)
Event: 28.647 Thread 0x00007fc81b011600 nmethod 7064 0x00000001132efb90 code [0x00000001132f0080, 0x00000001132f19c0]
Event: 28.647 Thread 0x00007fc81b011600 7067       2       org.eclipse.jdt.internal.compiler.lookup.BlockScope::checkUnclosedCloseables (346 bytes)
Event: 28.649 Thread 0x00007fc81b011600 nmethod 7067 0x00000001132f2f90 code [0x00000001132f3280, 0x00000001132f3f10]
Event: 28.650 Thread 0x00007fc81b011600 7066       2       org.eclipse.jdt.internal.compiler.ast.Literal::analyseCode (2 bytes)
Event: 28.650 Thread 0x00007fc81b011600 nmethod 7066 0x00000001132f4710 code [0x00000001132f48a0, 0x00000001132f49b0]
Event: 28.650 Thread 0x00007fc81b011600 7065       2       org.eclipse.jdt.internal.compiler.lookup.SourceTypeBinding::isNestmateOf (79 bytes)
Event: 28.651 Thread 0x00007fc81b011600 nmethod 7065 0x00000001132f4a90 code [0x00000001132f4c60, 0x00000001132f4eb0]
Event: 28.651 Thread 0x00007fc81b011600 7069       2       sun.nio.fs.UnixFileAttributeViews$Posix::checkReadExtended (29 bytes)
Event: 28.653 Thread 0x00007fc81b011600 nmethod 7069 0x00000001132f5090 code [0x00000001132f5280, 0x00000001132f55f0]
Event: 28.653 Thread 0x00007fc81b011600 7062       2       org.eclipse.jdt.internal.compiler.ast.ASTNode::isMethodUseDeprecated (193 bytes)

GC Heap History (20 events):
Event: 21.743 GC heap before
{Heap before GC invocations=22 (full 2):
 PSYoungGen      total 23552K, used 22812K [0x00000007eab00000, 0x00000007ec380000, 0x0000000800000000)
  eden space 22016K, 99% used [0x00000007eab00000,0x00000007ec0770f8,0x00000007ec080000)
  from space 1536K, 54% used [0x00000007ec080000,0x00000007ec150000,0x00000007ec200000)
  to   space 1536K, 0% used [0x00000007ec200000,0x00000007ec200000,0x00000007ec380000)
 ParOldGen       total 68608K, used 32074K [0x00000007c0000000, 0x00000007c4300000, 0x00000007eab00000)
  object space 68608K, 46% used [0x00000007c0000000,0x00000007c1f52a08,0x00000007c4300000)
 Metaspace       used 50958K, committed 51840K, reserved 1097728K
  class space    used 5607K, committed 6016K, reserved 1048576K
}
Event: 21.755 GC heap after
{Heap after GC invocations=22 (full 2):
 PSYoungGen      total 22016K, used 1529K [0x00000007eab00000, 0x00000007ec680000, 0x0000000800000000)
  eden space 20480K, 0% used [0x00000007eab00000,0x00000007eab00000,0x00000007ebf00000)
  from space 1536K, 99% used [0x00000007ec200000,0x00000007ec37e798,0x00000007ec380000)
  to   space 3072K, 0% used [0x00000007ebf00000,0x00000007ebf00000,0x00000007ec200000)
 ParOldGen       total 68608K, used 33178K [0x00000007c0000000, 0x00000007c4300000, 0x00000007eab00000)
  object space 68608K, 48% used [0x00000007c0000000,0x00000007c2066b00,0x00000007c4300000)
 Metaspace       used 50958K, committed 51840K, reserved 1097728K
  class space    used 5607K, committed 6016K, reserved 1048576K
}
Event: 22.243 GC heap before
{Heap before GC invocations=23 (full 2):
 PSYoungGen      total 22016K, used 21971K [0x00000007eab00000, 0x00000007ec680000, 0x0000000800000000)
  eden space 20480K, 99% used [0x00000007eab00000,0x00000007ebef65c8,0x00000007ebf00000)
  from space 1536K, 99% used [0x00000007ec200000,0x00000007ec37e798,0x00000007ec380000)
  to   space 3072K, 0% used [0x00000007ebf00000,0x00000007ebf00000,0x00000007ec200000)
 ParOldGen       total 68608K, used 33178K [0x00000007c0000000, 0x00000007c4300000, 0x00000007eab00000)
  object space 68608K, 48% used [0x00000007c0000000,0x00000007c2066b00,0x00000007c4300000)
 Metaspace       used 52128K, committed 53056K, reserved 1097728K
  class space    used 5734K, committed 6144K, reserved 1048576K
}
Event: 22.245 GC heap after
{Heap after GC invocations=23 (full 2):
 PSYoungGen      total 20992K, used 192K [0x00000007eab00000, 0x00000007ec280000, 0x0000000800000000)
  eden space 20480K, 0% used [0x00000007eab00000,0x00000007eab00000,0x00000007ebf00000)
  from space 512K, 37% used [0x00000007ebf00000,0x00000007ebf30000,0x00000007ebf80000)
  to   space 1536K, 0% used [0x00000007ec100000,0x00000007ec100000,0x00000007ec280000)
 ParOldGen       total 68608K, used 33845K [0x00000007c0000000, 0x00000007c4300000, 0x00000007eab00000)
  object space 68608K, 49% used [0x00000007c0000000,0x00000007c210d428,0x00000007c4300000)
 Metaspace       used 52128K, committed 53056K, reserved 1097728K
  class space    used 5734K, committed 6144K, reserved 1048576K
}
Event: 23.520 GC heap before
{Heap before GC invocations=24 (full 2):
 PSYoungGen      total 20992K, used 20672K [0x00000007eab00000, 0x00000007ec280000, 0x0000000800000000)
  eden space 20480K, 100% used [0x00000007eab00000,0x00000007ebf00000,0x00000007ebf00000)
  from space 512K, 37% used [0x00000007ebf00000,0x00000007ebf30000,0x00000007ebf80000)
  to   space 1536K, 0% used [0x00000007ec100000,0x00000007ec100000,0x00000007ec280000)
 ParOldGen       total 68608K, used 33845K [0x00000007c0000000, 0x00000007c4300000, 0x00000007eab00000)
  object space 68608K, 49% used [0x00000007c0000000,0x00000007c210d428,0x00000007c4300000)
 Metaspace       used 53085K, committed 54016K, reserved 1097728K
  class space    used 5863K, committed 6272K, reserved 1048576K
}
Event: 23.532 GC heap after
{Heap after GC invocations=24 (full 2):
 PSYoungGen      total 22016K, used 1204K [0x00000007eab00000, 0x00000007ec280000, 0x0000000800000000)
  eden space 20480K, 0% used [0x00000007eab00000,0x00000007eab00000,0x00000007ebf00000)
  from space 1536K, 78% used [0x00000007ec100000,0x00000007ec22d018,0x00000007ec280000)
  to   space 1536K, 0% used [0x00000007ebf80000,0x00000007ebf80000,0x00000007ec100000)
 ParOldGen       total 68608K, used 33933K [0x00000007c0000000, 0x00000007c4300000, 0x00000007eab00000)
  object space 68608K, 49% used [0x00000007c0000000,0x00000007c2123428,0x00000007c4300000)
 Metaspace       used 53085K, committed 54016K, reserved 1097728K
  class space    used 5863K, committed 6272K, reserved 1048576K
}
Event: 24.701 GC heap before
{Heap before GC invocations=25 (full 2):
 PSYoungGen      total 22016K, used 21684K [0x00000007eab00000, 0x00000007ec280000, 0x0000000800000000)
  eden space 20480K, 100% used [0x00000007eab00000,0x00000007ebf00000,0x00000007ebf00000)
  from space 1536K, 78% used [0x00000007ec100000,0x00000007ec22d018,0x00000007ec280000)
  to   space 1536K, 0% used [0x00000007ebf80000,0x00000007ebf80000,0x00000007ec100000)
 ParOldGen       total 68608K, used 33933K [0x00000007c0000000, 0x00000007c4300000, 0x00000007eab00000)
  object space 68608K, 49% used [0x00000007c0000000,0x00000007c2123428,0x00000007c4300000)
 Metaspace       used 54405K, committed 55296K, reserved 1105920K
  class space    used 5935K, committed 6336K, reserved 1048576K
}
Event: 24.705 GC heap after
{Heap after GC invocations=25 (full 2):
 PSYoungGen      total 22016K, used 1534K [0x00000007eab00000, 0x00000007eca00000, 0x0000000800000000)
  eden space 20480K, 0% used [0x00000007eab00000,0x00000007eab00000,0x00000007ebf00000)
  from space 1536K, 99% used [0x00000007ebf80000,0x00000007ec0ff978,0x00000007ec100000)
  to   space 5632K, 0% used [0x00000007ec480000,0x00000007ec480000,0x00000007eca00000)
 ParOldGen       total 68608K, used 37063K [0x00000007c0000000, 0x00000007c4300000, 0x00000007eab00000)
  object space 68608K, 54% used [0x00000007c0000000,0x00000007c2431e50,0x00000007c4300000)
 Metaspace       used 54405K, committed 55296K, reserved 1105920K
  class space    used 5935K, committed 6336K, reserved 1048576K
}
Event: 25.275 GC heap before
{Heap before GC invocations=26 (full 2):
 PSYoungGen      total 22016K, used 22014K [0x00000007eab00000, 0x00000007eca00000, 0x0000000800000000)
  eden space 20480K, 100% used [0x00000007eab00000,0x00000007ebf00000,0x00000007ebf00000)
  from space 1536K, 99% used [0x00000007ebf80000,0x00000007ec0ff978,0x00000007ec100000)
  to   space 5632K, 0% used [0x00000007ec480000,0x00000007ec480000,0x00000007eca00000)
 ParOldGen       total 68608K, used 37063K [0x00000007c0000000, 0x00000007c4300000, 0x00000007eab00000)
  object space 68608K, 54% used [0x00000007c0000000,0x00000007c2431e50,0x00000007c4300000)
 Metaspace       used 54539K, committed 55424K, reserved 1105920K
  class space    used 5941K, committed 6336K, reserved 1048576K
}
Event: 25.277 GC heap after
{Heap after GC invocations=26 (full 2):
 PSYoungGen      total 21504K, used 768K [0x00000007eab00000, 0x00000007ec580000, 0x0000000800000000)
  eden space 20480K, 0% used [0x00000007eab00000,0x00000007eab00000,0x00000007ebf00000)
  from space 1024K, 75% used [0x00000007ec480000,0x00000007ec540000,0x00000007ec580000)
  to   space 2560K, 0% used [0x00000007ec080000,0x00000007ec080000,0x00000007ec300000)
 ParOldGen       total 68608K, used 38574K [0x00000007c0000000, 0x00000007c4300000, 0x00000007eab00000)
  object space 68608K, 56% used [0x00000007c0000000,0x00000007c25ab9b8,0x00000007c4300000)
 Metaspace       used 54539K, committed 55424K, reserved 1105920K
  class space    used 5941K, committed 6336K, reserved 1048576K
}
Event: 25.591 GC heap before
{Heap before GC invocations=27 (full 2):
 PSYoungGen      total 21504K, used 21248K [0x00000007eab00000, 0x00000007ec580000, 0x0000000800000000)
  eden space 20480K, 100% used [0x00000007eab00000,0x00000007ebf00000,0x00000007ebf00000)
  from space 1024K, 75% used [0x00000007ec480000,0x00000007ec540000,0x00000007ec580000)
  to   space 2560K, 0% used [0x00000007ec080000,0x00000007ec080000,0x00000007ec300000)
 ParOldGen       total 68608K, used 38574K [0x00000007c0000000, 0x00000007c4300000, 0x00000007eab00000)
  object space 68608K, 56% used [0x00000007c0000000,0x00000007c25ab9b8,0x00000007c4300000)
 Metaspace       used 54606K, committed 55488K, reserved 1105920K
  class space    used 5942K, committed 6336K, reserved 1048576K
}
Event: 25.594 GC heap after
{Heap after GC invocations=27 (full 2):
 PSYoungGen      total 23040K, used 704K [0x00000007eab00000, 0x00000007ec500000, 0x0000000800000000)
  eden space 20480K, 0% used [0x00000007eab00000,0x00000007eab00000,0x00000007ebf00000)
  from space 2560K, 27% used [0x00000007ec080000,0x00000007ec130040,0x00000007ec300000)
  to   space 1024K, 0% used [0x00000007ec400000,0x00000007ec400000,0x00000007ec500000)
 ParOldGen       total 68608K, used 39278K [0x00000007c0000000, 0x00000007c4300000, 0x00000007eab00000)
  object space 68608K, 57% used [0x00000007c0000000,0x00000007c265ba58,0x00000007c4300000)
 Metaspace       used 54606K, committed 55488K, reserved 1105920K
  class space    used 5942K, committed 6336K, reserved 1048576K
}
Event: 26.162 GC heap before
{Heap before GC invocations=28 (full 2):
 PSYoungGen      total 23040K, used 21184K [0x00000007eab00000, 0x00000007ec500000, 0x0000000800000000)
  eden space 20480K, 100% used [0x00000007eab00000,0x00000007ebf00000,0x00000007ebf00000)
  from space 2560K, 27% used [0x00000007ec080000,0x00000007ec130040,0x00000007ec300000)
  to   space 1024K, 0% used [0x00000007ec400000,0x00000007ec400000,0x00000007ec500000)
 ParOldGen       total 68608K, used 39278K [0x00000007c0000000, 0x00000007c4300000, 0x00000007eab00000)
  object space 68608K, 57% used [0x00000007c0000000,0x00000007c265ba58,0x00000007c4300000)
 Metaspace       used 54689K, committed 55552K, reserved 1105920K
  class space    used 5950K, committed 6336K, reserved 1048576K
}
Event: 26.164 GC heap after
{Heap after GC invocations=28 (full 2):
 PSYoungGen      total 21504K, used 832K [0x00000007eab00000, 0x00000007ec500000, 0x0000000800000000)
  eden space 20480K, 0% used [0x00000007eab00000,0x00000007eab00000,0x00000007ebf00000)
  from space 1024K, 81% used [0x00000007ec400000,0x00000007ec4d0000,0x00000007ec500000)
  to   space 1024K, 0% used [0x00000007ec300000,0x00000007ec300000,0x00000007ec400000)
 ParOldGen       total 68608K, used 39942K [0x00000007c0000000, 0x00000007c4300000, 0x00000007eab00000)
  object space 68608K, 58% used [0x00000007c0000000,0x00000007c2701ad8,0x00000007c4300000)
 Metaspace       used 54689K, committed 55552K, reserved 1105920K
  class space    used 5950K, committed 6336K, reserved 1048576K
}
Event: 26.535 GC heap before
{Heap before GC invocations=29 (full 2):
 PSYoungGen      total 21504K, used 21312K [0x00000007eab00000, 0x00000007ec500000, 0x0000000800000000)
  eden space 20480K, 100% used [0x00000007eab00000,0x00000007ebf00000,0x00000007ebf00000)
  from space 1024K, 81% used [0x00000007ec400000,0x00000007ec4d0000,0x00000007ec500000)
  to   space 1024K, 0% used [0x00000007ec300000,0x00000007ec300000,0x00000007ec400000)
 ParOldGen       total 68608K, used 39942K [0x00000007c0000000, 0x00000007c4300000, 0x00000007eab00000)
  object space 68608K, 58% used [0x00000007c0000000,0x00000007c2701ad8,0x00000007c4300000)
 Metaspace       used 54709K, committed 55552K, reserved 1105920K
  class space    used 5950K, committed 6336K, reserved 1048576K
}
Event: 26.537 GC heap after
{Heap after GC invocations=29 (full 2):
 PSYoungGen      total 21504K, used 944K [0x00000007eab00000, 0x00000007ec480000, 0x0000000800000000)
  eden space 20480K, 0% used [0x00000007eab00000,0x00000007eab00000,0x00000007ebf00000)
  from space 1024K, 92% used [0x00000007ec300000,0x00000007ec3ec030,0x00000007ec400000)
  to   space 512K, 0% used [0x00000007ec400000,0x00000007ec400000,0x00000007ec480000)
 ParOldGen       total 68608K, used 40711K [0x00000007c0000000, 0x00000007c4300000, 0x00000007eab00000)
  object space 68608K, 59% used [0x00000007c0000000,0x00000007c27c1d80,0x00000007c4300000)
 Metaspace       used 54709K, committed 55552K, reserved 1105920K
  class space    used 5950K, committed 6336K, reserved 1048576K
}
Event: 27.400 GC heap before
{Heap before GC invocations=30 (full 2):
 PSYoungGen      total 21504K, used 21424K [0x00000007eab00000, 0x00000007ec480000, 0x0000000800000000)
  eden space 20480K, 100% used [0x00000007eab00000,0x00000007ebf00000,0x00000007ebf00000)
  from space 1024K, 92% used [0x00000007ec300000,0x00000007ec3ec030,0x00000007ec400000)
  to   space 512K, 0% used [0x00000007ec400000,0x00000007ec400000,0x00000007ec480000)
 ParOldGen       total 68608K, used 40711K [0x00000007c0000000, 0x00000007c4300000, 0x00000007eab00000)
  object space 68608K, 59% used [0x00000007c0000000,0x00000007c27c1d80,0x00000007c4300000)
 Metaspace       used 55490K, committed 56384K, reserved 1105920K
  class space    used 6004K, committed 6400K, reserved 1048576K
}
Event: 27.403 GC heap after
{Heap after GC invocations=30 (full 2):
 PSYoungGen      total 20992K, used 512K [0x00000007eab00000, 0x00000007ec500000, 0x0000000800000000)
  eden space 20480K, 0% used [0x00000007eab00000,0x00000007eab00000,0x00000007ebf00000)
  from space 512K, 100% used [0x00000007ec400000,0x00000007ec480000,0x00000007ec480000)
  to   space 3072K, 0% used [0x00000007ebf00000,0x00000007ebf00000,0x00000007ec200000)
 ParOldGen       total 68608K, used 42564K [0x00000007c0000000, 0x00000007c4300000, 0x00000007eab00000)
  object space 68608K, 62% used [0x00000007c0000000,0x00000007c29912c8,0x00000007c4300000)
 Metaspace       used 55490K, committed 56384K, reserved 1105920K
  class space    used 6004K, committed 6400K, reserved 1048576K
}
Event: 28.393 GC heap before
{Heap before GC invocations=31 (full 2):
 PSYoungGen      total 20992K, used 20992K [0x00000007eab00000, 0x00000007ec500000, 0x0000000800000000)
  eden space 20480K, 100% used [0x00000007eab00000,0x00000007ebf00000,0x00000007ebf00000)
  from space 512K, 100% used [0x00000007ec400000,0x00000007ec480000,0x00000007ec480000)
  to   space 3072K, 0% used [0x00000007ebf00000,0x00000007ebf00000,0x00000007ec200000)
 ParOldGen       total 68608K, used 42564K [0x00000007c0000000, 0x00000007c4300000, 0x00000007eab00000)
  object space 68608K, 62% used [0x00000007c0000000,0x00000007c29912c8,0x00000007c4300000)
 Metaspace       used 56725K, committed 57664K, reserved 1105920K
  class space    used 6112K, committed 6528K, reserved 1048576K
}
Event: 28.397 GC heap after
{Heap after GC invocations=31 (full 2):
 PSYoungGen      total 23552K, used 1770K [0x00000007eab00000, 0x00000007ec480000, 0x0000000800000000)
  eden space 20480K, 0% used [0x00000007eab00000,0x00000007eab00000,0x00000007ebf00000)
  from space 3072K, 57% used [0x00000007ebf00000,0x00000007ec0baaf0,0x00000007ec200000)
  to   space 2048K, 0% used [0x00000007ec280000,0x00000007ec280000,0x00000007ec480000)
 ParOldGen       total 68608K, used 43070K [0x00000007c0000000, 0x00000007c4300000, 0x00000007eab00000)
  object space 68608K, 62% used [0x00000007c0000000,0x00000007c2a0fb98,0x00000007c4300000)
 Metaspace       used 56725K, committed 57664K, reserved 1105920K
  class space    used 6112K, committed 6528K, reserved 1048576K
}

Deoptimization events (20 events):
Event: 28.496 Thread 0x00007fc8200c4e00 DEOPT PACKING pc=0x0000000119e2fed4 sp=0x000070000e7f6040
Event: 28.496 Thread 0x00007fc8200c4e00 DEOPT UNPACKING pc=0x0000000112153d99 sp=0x000070000e7f5ff8 mode 2
Event: 28.499 Thread 0x00007fc8200c4e00 Uncommon trap: trap_request=0xffffffc6 fr.pc=0x0000000119dcc154 relative=0x0000000000000ab4
Event: 28.500 Thread 0x00007fc8200c4e00 Uncommon trap: reason=bimorphic_or_optimized_type_check action=maybe_recompile pc=0x0000000119dcc154 method=java.util.HashMap.removeNode(ILjava/lang/Object;Ljava/lang/Object;ZZ)Ljava/util/HashMap$Node; @ 143 c2
Event: 28.500 Thread 0x00007fc8200c4e00 DEOPT PACKING pc=0x0000000119dcc154 sp=0x000070000e7f63a0
Event: 28.500 Thread 0x00007fc8200c4e00 DEOPT UNPACKING pc=0x0000000112153d99 sp=0x000070000e7f62c8 mode 2
Event: 28.501 Thread 0x00007fc8200c4e00 Uncommon trap: trap_request=0xffffffc6 fr.pc=0x0000000119dcc154 relative=0x0000000000000ab4
Event: 28.501 Thread 0x00007fc8200c4e00 Uncommon trap: reason=bimorphic_or_optimized_type_check action=maybe_recompile pc=0x0000000119dcc154 method=java.util.HashMap.removeNode(ILjava/lang/Object;Ljava/lang/Object;ZZ)Ljava/util/HashMap$Node; @ 143 c2
Event: 28.501 Thread 0x00007fc8200c4e00 DEOPT PACKING pc=0x0000000119dcc154 sp=0x000070000e7f6150
Event: 28.501 Thread 0x00007fc8200c4e00 DEOPT UNPACKING pc=0x0000000112153d99 sp=0x000070000e7f6068 mode 2
Event: 28.539 Thread 0x00007fc8200c4e00 Uncommon trap: trap_request=0xffffffc6 fr.pc=0x0000000119dcc154 relative=0x0000000000000ab4
Event: 28.539 Thread 0x00007fc8200c4e00 Uncommon trap: reason=bimorphic_or_optimized_type_check action=maybe_recompile pc=0x0000000119dcc154 method=java.util.HashMap.removeNode(ILjava/lang/Object;Ljava/lang/Object;ZZ)Ljava/util/HashMap$Node; @ 143 c2
Event: 28.539 Thread 0x00007fc8200c4e00 DEOPT PACKING pc=0x0000000119dcc154 sp=0x000070000e7f63a0
Event: 28.539 Thread 0x00007fc8200c4e00 DEOPT UNPACKING pc=0x0000000112153d99 sp=0x000070000e7f62c8 mode 2
Event: 28.540 Thread 0x00007fc8200c4e00 Uncommon trap: trap_request=0xffffffc6 fr.pc=0x0000000119dcc154 relative=0x0000000000000ab4
Event: 28.540 Thread 0x00007fc8200c4e00 Uncommon trap: reason=bimorphic_or_optimized_type_check action=maybe_recompile pc=0x0000000119dcc154 method=java.util.HashMap.removeNode(ILjava/lang/Object;Ljava/lang/Object;ZZ)Ljava/util/HashMap$Node; @ 143 c2
Event: 28.540 Thread 0x00007fc8200c4e00 DEOPT PACKING pc=0x0000000119dcc154 sp=0x000070000e7f6150
Event: 28.541 Thread 0x00007fc8200c4e00 DEOPT UNPACKING pc=0x0000000112153d99 sp=0x000070000e7f6068 mode 2
Event: 28.623 Thread 0x00007fc8200c4e00 DEOPT PACKING pc=0x0000000112d84766 sp=0x000070000e7f6030
Event: 28.623 Thread 0x00007fc8200c4e00 DEOPT UNPACKING pc=0x000000011215452f sp=0x000070000e7f54e8 mode 0

Classes unloaded (0 events):
No events

Classes redefined (0 events):
No events

Internal exceptions (20 events):
Event: 28.653 Thread 0x00007fc8200c4e00 Exception <a 'java/lang/NullPointerException'{0x00000007eb1ca030}> (0x00000007eb1ca030) 
thrown [src/hotspot/share/runtime/sharedRuntime.cpp, line 628]
Event: 28.653 Thread 0x00007fc8200c4e00 Implicit null exception at 0x0000000113206aef to 0x0000000113206bd7
Event: 28.653 Thread 0x00007fc8200c4e00 Exception <a 'java/lang/NullPointerException'{0x00000007eb1ca4a8}> (0x00000007eb1ca4a8) 
thrown [src/hotspot/share/runtime/sharedRuntime.cpp, line 628]
Event: 28.653 Thread 0x00007fc8200c4e00 Implicit null exception at 0x0000000113206aef to 0x0000000113206bd7
Event: 28.653 Thread 0x00007fc8200c4e00 Exception <a 'java/lang/NullPointerException'{0x00000007eb1ca920}> (0x00000007eb1ca920) 
thrown [src/hotspot/share/runtime/sharedRuntime.cpp, line 628]
Event: 28.653 Thread 0x00007fc8200c4e00 Implicit null exception at 0x0000000113206aef to 0x0000000113206bd7
Event: 28.653 Thread 0x00007fc8200c4e00 Exception <a 'java/lang/NullPointerException'{0x00000007eb1cad98}> (0x00000007eb1cad98) 
thrown [src/hotspot/share/runtime/sharedRuntime.cpp, line 628]
Event: 28.653 Thread 0x00007fc8200c4e00 Implicit null exception at 0x0000000113206aef to 0x0000000113206bd7
Event: 28.653 Thread 0x00007fc8200c4e00 Exception <a 'java/lang/NullPointerException'{0x00000007eb1cb210}> (0x00000007eb1cb210) 
thrown [src/hotspot/share/runtime/sharedRuntime.cpp, line 628]
Event: 28.653 Thread 0x00007fc8200c4e00 Implicit null exception at 0x0000000113206aef to 0x0000000113206bd7
Event: 28.653 Thread 0x00007fc8200c4e00 Exception <a 'java/lang/NullPointerException'{0x00000007eb1cb9f0}> (0x00000007eb1cb9f0) 
thrown [src/hotspot/share/runtime/sharedRuntime.cpp, line 628]
Event: 28.654 Thread 0x00007fc8200c4e00 Implicit null exception at 0x0000000113206aef to 0x0000000113206bd7
Event: 28.654 Thread 0x00007fc8200c4e00 Exception <a 'java/lang/NullPointerException'{0x00000007eb1ccdf0}> (0x00000007eb1ccdf0) 
thrown [src/hotspot/share/runtime/sharedRuntime.cpp, line 628]
Event: 28.654 Thread 0x00007fc8200c4e00 Implicit null exception at 0x0000000113206aef to 0x0000000113206bd7
Event: 28.654 Thread 0x00007fc8200c4e00 Exception <a 'java/lang/NullPointerException'{0x00000007eb1ce1f0}> (0x00000007eb1ce1f0) 
thrown [src/hotspot/share/runtime/sharedRuntime.cpp, line 628]
Event: 28.654 Thread 0x00007fc8200c4e00 Implicit null exception at 0x0000000113206aef to 0x0000000113206bd7
Event: 28.654 Thread 0x00007fc8200c4e00 Exception <a 'java/lang/NullPointerException'{0x00000007eb1cf618}> (0x00000007eb1cf618) 
thrown [src/hotspot/share/runtime/sharedRuntime.cpp, line 628]
Event: 28.654 Thread 0x00007fc8200c4e00 Implicit null exception at 0x0000000113206aef to 0x0000000113206bd7
Event: 28.654 Thread 0x00007fc8200c4e00 Exception <a 'java/lang/NullPointerException'{0x00000007eb1d00f8}> (0x00000007eb1d00f8) 
thrown [src/hotspot/share/runtime/sharedRuntime.cpp, line 628]
Event: 28.654 Thread 0x00007fc8200c4e00 Implicit null exception at 0x0000000113206aef to 0x0000000113206bd7

VM Operations (20 events):
Event: 26.854 Executing VM operation: HandshakeAllThreads
Event: 26.864 Executing VM operation: HandshakeAllThreads done
Event: 26.938 Executing VM operation: HandshakeAllThreads
Event: 26.938 Executing VM operation: HandshakeAllThreads done
Event: 27.028 Executing VM operation: ICBufferFull
Event: 27.039 Executing VM operation: ICBufferFull done
Event: 27.111 Executing VM operation: HandshakeAllThreads
Event: 27.111 Executing VM operation: HandshakeAllThreads done
Event: 27.399 Executing VM operation: ParallelGCFailedAllocation
Event: 27.403 Executing VM operation: ParallelGCFailedAllocation done
Event: 27.481 Executing VM operation: HandshakeAllThreads
Event: 27.481 Executing VM operation: HandshakeAllThreads done
Event: 27.662 Executing VM operation: HandshakeAllThreads
Event: 27.662 Executing VM operation: HandshakeAllThreads done
Event: 28.061 Executing VM operation: ICBufferFull
Event: 28.061 Executing VM operation: ICBufferFull done
Event: 28.303 Executing VM operation: HandshakeAllThreads
Event: 28.303 Executing VM operation: HandshakeAllThreads done
Event: 28.392 Executing VM operation: ParallelGCFailedAllocation
Event: 28.397 Executing VM operation: ParallelGCFailedAllocation done

Events (20 events):
Event: 26.880 Protecting memory [0x000070000e8fd000,0x000070000e901000] with protection modes 3
Event: 26.880 Thread 0x00007fc81a7ff000 Thread exited: 0x00007fc81a7ff000
Event: 26.882 Protecting memory [0x000070000ea00000,0x000070000ea04000] with protection modes 3
Event: 26.882 Thread 0x00007fc81a7ff600 Thread exited: 0x00007fc81a7ff600
Event: 26.883 Protecting memory [0x000070000eb03000,0x000070000eb07000] with protection modes 3
Event: 26.883 Thread 0x00007fc81a139000 Thread exited: 0x00007fc81a139000
Event: 26.887 Protecting memory [0x000070000e6f7000,0x000070000e6fb000] with protection modes 3
Event: 26.887 Thread 0x00007fc81b533200 Thread exited: 0x00007fc81b533200
Event: 26.937 loading class java/util/stream/ReduceOps$4
Event: 26.937 loading class java/util/stream/ReduceOps$4 done
Event: 26.940 loading class java/util/stream/ReduceOps$4ReducingSink
Event: 26.940 loading class java/util/stream/ReduceOps$4ReducingSink done
Event: 26.944 loading class java/nio/file/Files$2
Event: 26.945 loading class java/nio/file/Files$2 done
Event: 28.179 loading class jdk/internal/module/IllegalAccessLogger
Event: 28.179 loading class jdk/internal/module/IllegalAccessLogger done
Event: 28.191 Thread 0x00007fc8200c4e00 Thread added: 0x00007fc8200c4e00
Event: 28.191 Protecting memory [0x000070000e6f7000,0x000070000e6fb000] with protection modes 0
Event: 28.222 loading class java/util/Hashtable$ValueCollection
Event: 28.223 loading class java/util/Hashtable$ValueCollection done


Dynamic libraries:
0x00007fff70677000 	/usr/lib/libz.1.dylib
0x0000000108e97000 	/Users/rupesh/.vscode/extensions/redhat.java-1.4.0/jre/17.0.2-macosx-x86_64/lib/libjli.dylib
0x00007fff35fc5000 	/System/Library/Frameworks/Cocoa.framework/Versions/A/Cocoa
0x00007fff437f6000 	/System/Library/Frameworks/Security.framework/Versions/A/Security
0x00007fff34f2a000 	/System/Library/Frameworks/ApplicationServices.framework/Versions/A/ApplicationServices
0x00007fff6e0ad000 	/usr/lib/libSystem.B.dylib
0x00007fff70f38000 	/usr/lib/system/libcache.dylib
0x00007fff70f3e000 	/usr/lib/system/libcommonCrypto.dylib
0x00007fff70f4a000 	/usr/lib/system/libcompiler_rt.dylib
0x00007fff70f52000 	/usr/lib/system/libcopyfile.dylib
0x00007fff70f5c000 	/usr/lib/system/libcorecrypto.dylib
0x00007fff710fb000 	/usr/lib/system/libdispatch.dylib
0x00007fff7113c000 	/usr/lib/system/libdyld.dylib
0x00007fff71173000 	/usr/lib/system/libkeymgr.dylib
0x00007fff71181000 	/usr/lib/system/liblaunch.dylib
0x00007fff71182000 	/usr/lib/system/libmacho.dylib
0x00007fff71188000 	/usr/lib/system/libquarantine.dylib
0x00007fff7118b000 	/usr/lib/system/libremovefile.dylib
0x00007fff7118d000 	/usr/lib/system/libsystem_asl.dylib
0x00007fff711a5000 	/usr/lib/system/libsystem_blocks.dylib
0x00007fff711a6000 	/usr/lib/system/libsystem_c.dylib
0x00007fff7122e000 	/usr/lib/system/libsystem_configuration.dylib
0x00007fff71232000 	/usr/lib/system/libsystem_coreservices.dylib
0x00007fff71236000 	/usr/lib/system/libsystem_darwin.dylib
0x00007fff7123f000 	/usr/lib/system/libsystem_dnssd.dylib
0x00007fff71247000 	/usr/lib/system/libsystem_featureflags.dylib
0x00007fff71249000 	/usr/lib/system/libsystem_info.dylib
0x00007fff712c4000 	/usr/lib/system/libsystem_m.dylib
0x00007fff71310000 	/usr/lib/system/libsystem_malloc.dylib
0x00007fff71338000 	/usr/lib/system/libsystem_networkextension.dylib
0x00007fff71346000 	/usr/lib/system/libsystem_notify.dylib
0x00007fff71364000 	/usr/lib/system/libsystem_sandbox.dylib
0x00007fff71369000 	/usr/lib/system/libsystem_secinit.dylib
0x00007fff71297000 	/usr/lib/system/libsystem_kernel.dylib
0x00007fff71350000 	/usr/lib/system/libsystem_platform.dylib
0x00007fff71359000 	/usr/lib/system/libsystem_pthread.dylib
0x00007fff7136c000 	/usr/lib/system/libsystem_symptoms.dylib
0x00007fff71374000 	/usr/lib/system/libsystem_trace.dylib
0x00007fff7138c000 	/usr/lib/system/libunwind.dylib
0x00007fff71392000 	/usr/lib/system/libxpc.dylib
0x00007fff6ffa4000 	/usr/lib/libobjc.A.dylib
0x00007fff6e47c000 	/usr/lib/libc++abi.dylib
0x00007fff6e429000 	/usr/lib/libc++.1.dylib
0x00007fff36e78000 	/System/Library/Frameworks/CoreFoundation.framework/Versions/A/CoreFoundation
0x00007fff39558000 	/System/Library/Frameworks/Foundation.framework/Versions/C/Foundation
0x00007fff3411a000 	/System/Library/Frameworks/AppKit.framework/Versions/C/AppKit
0x00007fff36949000 	/System/Library/Frameworks/CoreData.framework/Versions/A/CoreData
0x00007fff680c2000 	/System/Library/PrivateFrameworks/UIFoundation.framework/Versions/A/UIFoundation
0x00007fff63156000 	/System/Library/PrivateFrameworks/RemoteViewServices.framework/Versions/A/RemoteViewServices
0x00007fff6ac1d000 	/System/Library/PrivateFrameworks/XCTTargetBootstrap.framework/Versions/A/XCTTargetBootstrap
0x00007fff36d45000 	/System/Library/Frameworks/CoreDisplay.framework/Versions/A/CoreDisplay
0x00007fff3c417000 	/System/Library/Frameworks/Metal.framework/Versions/A/Metal
0x00007fff50fec000 	/System/Library/PrivateFrameworks/DesktopServicesPriv.framework/Versions/A/DesktopServicesPriv
0x00007fff6f27f000 	/usr/lib/liblangid.dylib
0x00007fff50281000 	/System/Library/PrivateFrameworks/CoreSVG.framework/Versions/A/CoreSVG
0x00007fff662b2000 	/System/Library/PrivateFrameworks/SkyLight.framework/Versions/A/SkyLight
0x00007fff372fa000 	/System/Library/Frameworks/CoreGraphics.framework/Versions/A/CoreGraphics
0x00007fff32a89000 	/System/Library/Frameworks/Accelerate.framework/Versions/A/Accelerate
0x00007fff70568000 	/usr/lib/libxml2.2.dylib
0x00007fff5bf8a000 	/System/Library/PrivateFrameworks/IconServices.framework/Versions/A/IconServices
0x00007fff39d37000 	/System/Library/Frameworks/IOSurface.framework/Versions/A/IOSurface
0x00007fff6dbd7000 	/usr/lib/libDiagnosticMessagesClient.dylib
0x00007fff50e46000 	/System/Library/PrivateFrameworks/DFRFoundation.framework/Versions/A/DFRFoundation
0x00007fff6f00e000 	/usr/lib/libicucore.A.dylib
0x00007fff3525c000 	/System/Library/Frameworks/AudioToolbox.framework/Versions/A/AudioToolbox
0x00007fff3533f000 	/System/Library/Frameworks/AudioUnit.framework/Versions/A/AudioUnit
0x00007fff6e345000 	/usr/lib/libauto.dylib
0x00007fff50ee8000 	/System/Library/PrivateFrameworks/DataDetectorsCore.framework/Versions/A/DataDetectorsCore
0x00007fff35ae6000 	/System/Library/Frameworks/Carbon.framework/Versions/A/Frameworks/HIToolbox.framework/Versions/A/HIToolbox
0x00007fff429f0000 	/System/Library/Frameworks/QuartzCore.framework/Versions/A/QuartzCore
0x00007fff35e25000 	/System/Library/Frameworks/Carbon.framework/Versions/A/Frameworks/SpeechRecognition.framework/Versions/A/SpeechRecognition
0x00007fff5095a000 	/System/Library/PrivateFrameworks/CoreUI.framework/Versions/A/CoreUI
0x00007fff363b4000 	/System/Library/Frameworks/CoreAudio.framework/Versions/A/CoreAudio
0x00007fff39217000 	/System/Library/Frameworks/DiskArbitration.framework/Versions/A/DiskArbitration
0x00007fff5e131000 	/System/Library/PrivateFrameworks/MultitouchSupport.framework/Versions/A/MultitouchSupport
0x00007fff6eed5000 	/usr/lib/libenergytrace.dylib
0x00007fff39c91000 	/System/Library/Frameworks/IOKit.framework/Versions/A/IOKit
0x00007fff38283000 	/System/Library/Frameworks/CoreServices.framework/Versions/A/CoreServices
0x00007fff602e9000 	/System/Library/PrivateFrameworks/PerformanceAnalysis.framework/Versions/A/PerformanceAnalysis
0x00007fff41a23000 	/System/Library/Frameworks/OpenGL.framework/Versions/A/OpenGL
0x00007fff35fd3000 	/System/Library/Frameworks/ColorSync.framework/Versions/A/ColorSync
0x00007fff3799f000 	/System/Library/Frameworks/CoreImage.framework/Versions/A/CoreImage
0x00007fff38cf6000 	/System/Library/Frameworks/CoreText.framework/Versions/A/CoreText
0x00007fff39dc7000 	/System/Library/Frameworks/ImageIO.framework/Versions/A/ImageIO
0x00007fff6e4a5000 	/usr/lib/libcompression.dylib
0x00007fff6df1b000 	/usr/lib/libMobileGestalt.dylib
0x00007fff67e2c000 	/System/Library/PrivateFrameworks/TextureIO.framework/Versions/A/TextureIO
0x00007fff6e212000 	/usr/lib/libate.dylib
0x00007fff5c193000 	/System/Library/PrivateFrameworks/InternationalSupport.framework/Versions/A/InternationalSupport
0x00007fff6f281000 	/usr/lib/liblzma.5.dylib
0x00007fff6eefc000 	/usr/lib/libfakelink.dylib
0x00007fff6e19f000 	/usr/lib/libarchive.2.dylib
0x00007fff448a7000 	/System/Library/Frameworks/SystemConfiguration.framework/Versions/A/SystemConfiguration
0x00007fff6db0a000 	/usr/lib/libCRFSuite.dylib
0x00007fff356d6000 	/System/Library/Frameworks/CFNetwork.framework/Versions/A/CFNetwork
0x00007fff6e40b000 	/usr/lib/libbsm.0.dylib
0x00007fff71174000 	/usr/lib/system/libkxld.dylib
0x00007fff4a7c3000 	/System/Library/PrivateFrameworks/AppleFSCompression.framework/Versions/A/AppleFSCompression
0x00007fff6e797000 	/usr/lib/libcoretls.dylib
0x00007fff6e7ae000 	/usr/lib/libcoretls_cfhelpers.dylib
0x00007fff6ffe9000 	/usr/lib/libpam.2.dylib
0x00007fff7011e000 	/usr/lib/libsqlite3.dylib
0x00007fff70555000 	/usr/lib/libxar.1.dylib
0x00007fff6e41c000 	/usr/lib/libbz2.1.0.dylib
0x00007fff6ef1d000 	/usr/lib/libiconv.2.dylib
0x00007fff6e492000 	/usr/lib/libcharset.1.dylib
0x00007fff6fa87000 	/usr/lib/libnetwork.dylib
0x00007fff6fff0000 	/usr/lib/libpcap.A.dylib
0x00007fff6e154000 	/usr/lib/libapple_nghttp2.dylib
0x00007fff3863a000 	/System/Library/Frameworks/CoreServices.framework/Versions/A/Frameworks/FSEvents.framework/Versions/A/FSEvents
0x00007fff3830a000 	/System/Library/Frameworks/CoreServices.framework/Versions/A/Frameworks/CarbonCore.framework/Versions/A/CarbonCore
0x00007fff3887e000 	/System/Library/Frameworks/CoreServices.framework/Versions/A/Frameworks/Metadata.framework/Versions/A/Metadata
0x00007fff38917000 	/System/Library/Frameworks/CoreServices.framework/Versions/A/Frameworks/OSServices.framework/Versions/A/OSServices
0x00007fff38945000 	/System/Library/Frameworks/CoreServices.framework/Versions/A/Frameworks/SearchKit.framework/Versions/A/SearchKit
0x00007fff38284000 	/System/Library/Frameworks/CoreServices.framework/Versions/A/Frameworks/AE.framework/Versions/A/AE
0x00007fff38643000 	/System/Library/Frameworks/CoreServices.framework/Versions/A/Frameworks/LaunchServices.framework/Versions/A/LaunchServices
0x00007fff385ec000 	/System/Library/Frameworks/CoreServices.framework/Versions/A/Frameworks/DictionaryServices.framework/Versions/A/DictionaryServices
0x00007fff389ad000 	/System/Library/Frameworks/CoreServices.framework/Versions/A/Frameworks/SharedFileList.framework/Versions/A/SharedFileList
0x00007fff3d842000 	/System/Library/Frameworks/NetFS.framework/Versions/A/NetFS
0x00007fff5e661000 	/System/Library/PrivateFrameworks/NetAuth.framework/Versions/A/NetAuth
0x00007fff6afea000 	/System/Library/PrivateFrameworks/login.framework/Versions/A/Frameworks/loginsupport.framework/Versions/A/loginsupport
0x00007fff678f7000 	/System/Library/PrivateFrameworks/TCC.framework/Versions/A/TCC
0x00007fff4f3f4000 	/System/Library/PrivateFrameworks/CoreNLP.framework/Versions/A/CoreNLP
0x00007fff5da07000 	/System/Library/PrivateFrameworks/MetadataUtilities.framework/Versions/A/MetadataUtilities
0x00007fff6f359000 	/usr/lib/libmecabra.dylib
0x00007fff6f2b1000 	/usr/lib/libmecab.dylib
0x00007fff6ef0d000 	/usr/lib/libgermantok.dylib
0x00007fff6e13b000 	/usr/lib/libThaiTokenizer.dylib
0x00007fff6db41000 	/usr/lib/libChineseTokenizer.dylib
0x00007fff32aa2000 	/System/Library/Frameworks/Accelerate.framework/Versions/A/Frameworks/vImage.framework/Versions/A/vImage
0x00007fff33f70000 	/System/Library/Frameworks/Accelerate.framework/Versions/A/Frameworks/vecLib.framework/Versions/A/vecLib
0x00007fff33df1000 	/System/Library/Frameworks/Accelerate.framework/Versions/A/Frameworks/vecLib.framework/Versions/A/libvMisc.dylib
0x00007fff33c5e000 	/System/Library/Frameworks/Accelerate.framework/Versions/A/Frameworks/vecLib.framework/Versions/A/libvDSP.dylib
0x00007fff3333e000 	/System/Library/Frameworks/Accelerate.framework/Versions/A/Frameworks/vecLib.framework/Versions/A/libBLAS.dylib
0x00007fff33816000 	/System/Library/Frameworks/Accelerate.framework/Versions/A/Frameworks/vecLib.framework/Versions/A/libLAPACK.dylib
0x00007fff33bbe000 	/System/Library/Frameworks/Accelerate.framework/Versions/A/Frameworks/vecLib.framework/Versions/A/libLinearAlgebra.dylib
0x00007fff33c4b000 	/System/Library/Frameworks/Accelerate.framework/Versions/A/Frameworks/vecLib.framework/Versions/A/libSparseBLAS.dylib
0x00007fff33bd4000 	/System/Library/Frameworks/Accelerate.framework/Versions/A/Frameworks/vecLib.framework/Versions/A/libQuadrature.dylib
0x00007fff334d4000 	/System/Library/Frameworks/Accelerate.framework/Versions/A/Frameworks/vecLib.framework/Versions/A/libBNNS.dylib
0x00007fff33bda000 	/System/Library/Frameworks/Accelerate.framework/Versions/A/Frameworks/vecLib.framework/Versions/A/libSparse.dylib
0x00007fff5c57b000 	/System/Library/PrivateFrameworks/LanguageModeling.framework/Versions/A/LanguageModeling
0x00007fff4eda4000 	/System/Library/PrivateFrameworks/CoreEmoji.framework/Versions/A/CoreEmoji
0x00007fff5c699000 	/System/Library/PrivateFrameworks/LinguisticData.framework/Versions/A/LinguisticData
0x00007fff5c64a000 	/System/Library/PrivateFrameworks/Lexicon.framework/Versions/A/Lexicon
0x00007fff6e493000 	/usr/lib/libcmph.dylib
0x00007fff40431000 	/System/Library/Frameworks/OpenDirectory.framework/Versions/A/Frameworks/CFOpenDirectory.framework/Versions/A/CFOpenDirectory
0x00007fff4044e000 	/System/Library/Frameworks/OpenDirectory.framework/Versions/A/OpenDirectory
0x00007fff48891000 	/System/Library/PrivateFrameworks/APFS.framework/Versions/A/APFS
0x00007fff43b40000 	/System/Library/Frameworks/SecurityFoundation.framework/Versions/A/SecurityFoundation
0x00007fff70551000 	/usr/lib/libutil.dylib
0x00007fff502d9000 	/System/Library/PrivateFrameworks/CoreServicesStore.framework/Versions/A/CoreServicesStore
0x00007fff43bf7000 	/System/Library/Frameworks/ServiceManagement.framework/Versions/A/ServiceManagement
0x00007fff4bf93000 	/System/Library/PrivateFrameworks/BackgroundTaskManagement.framework/Versions/A/BackgroundTaskManagement
0x00007fff7064e000 	/usr/lib/libxslt.1.dylib
0x00007fff4ae36000 	/System/Library/PrivateFrameworks/AppleSystemInfo.framework/Versions/A/AppleSystemInfo
0x00007fff39fe5000 	/System/Library/Frameworks/ImageIO.framework/Versions/A/Resources/libJPEG.dylib
0x00007fff3a2a5000 	/System/Library/Frameworks/ImageIO.framework/Versions/A/Resources/libTIFF.dylib
0x00007fff3a288000 	/System/Library/Frameworks/ImageIO.framework/Versions/A/Resources/libPng.dylib
0x00007fff39f27000 	/System/Library/Frameworks/ImageIO.framework/Versions/A/Resources/libGIF.dylib
0x00007fff39f2b000 	/System/Library/Frameworks/ImageIO.framework/Versions/A/Resources/libJP2.dylib
0x00007fff3a2a3000 	/System/Library/Frameworks/ImageIO.framework/Versions/A/Resources/libRadiance.dylib
0x00007fff6eed6000 	/usr/lib/libexpat.1.dylib
0x00007fff4a91e000 	/System/Library/PrivateFrameworks/AppleJPEG.framework/Versions/A/AppleJPEG
0x00007fff535ef000 	/System/Library/PrivateFrameworks/FontServices.framework/libFontParser.dylib
0x00007fff69fec000 	/System/Library/PrivateFrameworks/WatchdogClient.framework/Versions/A/WatchdogClient
0x00007fff5bbd6000 	/System/Library/PrivateFrameworks/IOAccelerator.framework/Versions/A/IOAccelerator
0x00007fff3c7b2000 	/System/Library/Frameworks/MetalPerformanceShaders.framework/Versions/A/MetalPerformanceShaders
0x00007fff5836c000 	/System/Library/PrivateFrameworks/GPUWrangler.framework/Versions/A/GPUWrangler
0x00007fff5bbeb000 	/System/Library/PrivateFrameworks/IOPresentment.framework/Versions/A/IOPresentment
0x00007fff50e59000 	/System/Library/PrivateFrameworks/DSExternalDisplay.framework/Versions/A/DSExternalDisplay
0x00007fff40dc2000 	/System/Library/Frameworks/OpenGL.framework/Versions/A/Libraries/libCoreFSCache.dylib
0x00007fff3c4fe000 	/System/Library/Frameworks/MetalPerformanceShaders.framework/Frameworks/MPSCore.framework/Versions/A/MPSCore
0x00007fff3c53c000 	/System/Library/Frameworks/MetalPerformanceShaders.framework/Frameworks/MPSImage.framework/Versions/A/MPSImage
0x00007fff3c603000 	/System/Library/Frameworks/MetalPerformanceShaders.framework/Frameworks/MPSNeuralNetwork.framework/Versions/A/MPSNeuralNetwork
0x00007fff3c5c7000 	/System/Library/Frameworks/MetalPerformanceShaders.framework/Frameworks/MPSMatrix.framework/Versions/A/MPSMatrix
0x00007fff3c762000 	/System/Library/Frameworks/MetalPerformanceShaders.framework/Frameworks/MPSRayIntersector.framework/Versions/A/MPSRayIntersector
0x00007fff3c5ed000 	/System/Library/Frameworks/MetalPerformanceShaders.framework/Frameworks/MPSNDArray.framework/Versions/A/MPSNDArray
0x00007fff5da54000 	/System/Library/PrivateFrameworks/MetalTools.framework/Versions/A/MetalTools
0x00007fff49a6b000 	/System/Library/PrivateFrameworks/AggregateDictionary.framework/Versions/A/AggregateDictionary
0x00007fff4e7ec000 	/System/Library/PrivateFrameworks/CoreAnalytics.framework/Versions/A/CoreAnalytics
0x00007fff4ad55000 	/System/Library/PrivateFrameworks/AppleSauce.framework/Versions/A/AppleSauce
0x00007fff6ddfd000 	/usr/lib/libIOReport.dylib
0x00007fff38eae000 	/System/Library/Frameworks/CoreVideo.framework/Versions/A/CoreVideo
0x00007fff597e5000 	/System/Library/PrivateFrameworks/GraphVisualizer.framework/Versions/A/GraphVisualizer
0x00007fff52b35000 	/System/Library/PrivateFrameworks/FaceCore.framework/Versions/A/FaceCore
0x00007fff403d8000 	/System/Library/Frameworks/OpenCL.framework/Versions/A/OpenCL
0x00007fff6dc1f000 	/usr/lib/libFosl_dynamic.dylib
0x00007fff5f081000 	/System/Library/PrivateFrameworks/OTSVG.framework/Versions/A/OTSVG
0x00007fff3502f000 	/System/Library/Frameworks/ApplicationServices.framework/Versions/A/Frameworks/ATS.framework/Versions/A/Resources/libFontRegistry.dylib
0x00007fff537c0000 	/System/Library/PrivateFrameworks/FontServices.framework/libhvf.dylib
0x00007fff40dcd000 	/System/Library/Frameworks/OpenGL.framework/Versions/A/Libraries/libGFXShared.dylib
0x00007fff40fab000 	/System/Library/Frameworks/OpenGL.framework/Versions/A/Libraries/libGLU.dylib
0x00007fff40dd6000 	/System/Library/Frameworks/OpenGL.framework/Versions/A/Libraries/libGL.dylib
0x00007fff40de1000 	/System/Library/Frameworks/OpenGL.framework/Versions/A/Libraries/libGLImage.dylib
0x00007fff40dbf000 	/System/Library/Frameworks/OpenGL.framework/Versions/A/Libraries/libCVMSPluginSupport.dylib
0x00007fff40dc8000 	/System/Library/Frameworks/OpenGL.framework/Versions/A/Libraries/libCoreVMClient.dylib
0x00007fff6f928000 	/usr/lib/libncurses.5.4.dylib
0x00007fff34f2b000 	/System/Library/Frameworks/ApplicationServices.framework/Versions/A/Frameworks/ATS.framework/Versions/A/ATS
0x00007fff350f8000 	/System/Library/Frameworks/ApplicationServices.framework/Versions/A/Frameworks/ColorSyncLegacy.framework/Versions/A/ColorSyncLegacy
0x00007fff35196000 	/System/Library/Frameworks/ApplicationServices.framework/Versions/A/Frameworks/HIServices.framework/Versions/A/HIServices
0x00007fff351ee000 	/System/Library/Frameworks/ApplicationServices.framework/Versions/A/Frameworks/LangAnalysis.framework/Versions/A/LangAnalysis
0x00007fff351fd000 	/System/Library/Frameworks/ApplicationServices.framework/Versions/A/Frameworks/PrintCore.framework/Versions/A/PrintCore
0x00007fff35243000 	/System/Library/Frameworks/ApplicationServices.framework/Versions/A/Frameworks/QD.framework/Versions/A/QD
0x00007fff3524e000 	/System/Library/Frameworks/ApplicationServices.framework/Versions/A/Frameworks/SpeechSynthesis.framework/Versions/A/SpeechSynthesis
0x00007fff350c8000 	/System/Library/Frameworks/ApplicationServices.framework/Versions/A/Frameworks/ATSUI.framework/Versions/A/ATSUI
0x00007fff6ed6c000 	/usr/lib/libcups.2.dylib
0x00007fff3b84d000 	/System/Library/Frameworks/Kerberos.framework/Versions/A/Kerberos
0x00007fff3998a000 	/System/Library/Frameworks/GSS.framework/Versions/A/GSS
0x00007fff700aa000 	/usr/lib/libresolv.9.dylib
0x00007fff59992000 	/System/Library/PrivateFrameworks/Heimdal.framework/Versions/A/Heimdal
0x00007fff3b860000 	/System/Library/Frameworks/Kerberos.framework/Versions/A/Libraries/libHeimdalProxy.dylib
0x00007fff6ef13000 	/usr/lib/libheimdal-asn1.dylib
0x00007fff4dc84000 	/System/Library/PrivateFrameworks/CommonAuth.framework/Versions/A/CommonAuth
0x00007fff4aed3000 	/System/Library/PrivateFrameworks/AssertionServices.framework/Versions/A/AssertionServices
0x00007fff4ba76000 	/System/Library/PrivateFrameworks/AudioToolboxCore.framework/Versions/A/AudioToolboxCore
0x00007fff6ac9a000 	/System/Library/PrivateFrameworks/caulk.framework/Versions/A/caulk
0x00007fff4c03f000 	/System/Library/PrivateFrameworks/BaseBoard.framework/Versions/A/BaseBoard
0x00007fff632e4000 	/System/Library/PrivateFrameworks/RunningBoardServices.framework/Versions/A/RunningBoardServices
0x00007fff602f5000 	/System/Library/PrivateFrameworks/PersistentConnection.framework/Versions/A/PersistentConnection
0x00007fff62cdd000 	/System/Library/PrivateFrameworks/ProtocolBuffer.framework/Versions/A/ProtocolBuffer
0x00007fff4dca8000 	/System/Library/PrivateFrameworks/CommonUtilities.framework/Versions/A/CommonUtilities
0x00007fff4c1cd000 	/System/Library/PrivateFrameworks/Bom.framework/Versions/A/Bom
0x00007fff6dad0000 	/usr/lib/libAudioToolboxUtility.dylib
0x00007fff4bf9d000 	/System/Library/PrivateFrameworks/Backup.framework/Versions/A/Backup
0x00007fff50d7a000 	/System/Library/PrivateFrameworks/CrashReporterSupport.framework/Versions/A/CrashReporterSupport
0x00007fff64d76000 	/System/Library/PrivateFrameworks/Sharing.framework/Versions/A/Sharing
0x00007fff4a4e1000 	/System/Library/PrivateFrameworks/Apple80211.framework/Versions/A/Apple80211
0x00007fff4bcba000 	/System/Library/PrivateFrameworks/AuthKit.framework/Versions/A/AuthKit
0x00007fff50a87000 	/System/Library/PrivateFrameworks/CoreUtils.framework/Versions/A/CoreUtils
0x00007fff38ef3000 	/System/Library/Frameworks/CoreWLAN.framework/Versions/A/CoreWLAN
0x00007fff39b17000 	/System/Library/Frameworks/IOBluetooth.framework/Versions/A/IOBluetooth
0x00007fff5deb0000 	/System/Library/PrivateFrameworks/MobileKeyBag.framework/Versions/A/MobileKeyBag
0x00007fff4f88c000 	/System/Library/PrivateFrameworks/CorePhoneNumbers.framework/Versions/A/CorePhoneNumbers
0x00007fff4a8d1000 	/System/Library/PrivateFrameworks/AppleIDAuthSupport.framework/Versions/A/AppleIDAuthSupport
0x00007fff3d84f000 	/System/Library/Frameworks/Network.framework/Versions/A/Network
0x00007fff5c427000 	/System/Library/PrivateFrameworks/KeychainCircle.framework/Versions/A/KeychainCircle
0x00007fff36910000 	/System/Library/Frameworks/CoreBluetooth.framework/Versions/A/CoreBluetooth
0x00007fff66df5000 	/System/Library/PrivateFrameworks/SpeechRecognitionCore.framework/Versions/A/SpeechRecognitionCore
0x0000000108eb8000 	/Users/rupesh/.vscode/extensions/redhat.java-1.4.0/jre/17.0.2-macosx-x86_64/lib/server/libjvm.dylib
0x000000010a035000 	/Users/rupesh/.vscode/extensions/redhat.java-1.4.0/jre/17.0.2-macosx-x86_64/lib/libjimage.dylib
0x000000010a043000 	/Users/rupesh/.vscode/extensions/redhat.java-1.4.0/jre/17.0.2-macosx-x86_64/lib/libinstrument.dylib
0x000000010a053000 	/Users/rupesh/.vscode/extensions/redhat.java-1.4.0/jre/17.0.2-macosx-x86_64/lib/libjava.dylib
0x000000010a1d1000 	/Users/rupesh/.vscode/extensions/redhat.java-1.4.0/jre/17.0.2-macosx-x86_64/lib/libzip.dylib
0x0000000111f4c000 	/Users/rupesh/.vscode/extensions/redhat.java-1.4.0/jre/17.0.2-macosx-x86_64/lib/libnio.dylib
0x0000000111f61000 	/Users/rupesh/.vscode/extensions/redhat.java-1.4.0/jre/17.0.2-macosx-x86_64/lib/libnet.dylib
0x000000010a1ee000 	/Users/rupesh/.vscode/extensions/redhat.java-1.4.0/jre/17.0.2-macosx-x86_64/lib/libverify.dylib
0x0000000111f7b000 	/Users/rupesh/Library/Application Support/Code/User/globalStorage/redhat.java/1.4.0/config_mac/org.eclipse.equinox.launcher/org.eclipse.equinox.launcher.cocoa.macosx.x86_64_1.2.400.v20211117-0650/eclipse_11600.so
0x00007fff502a5000 	/System/Library/PrivateFrameworks/CoreServicesInternal.framework/Versions/A/CoreServicesInternal
0x00007fff39412000 	/System/Library/Frameworks/FileProvider.framework/Versions/A/FileProvider
0x00007fff33f71000 	/System/Library/Frameworks/Accounts.framework/Versions/A/Accounts
0x00007fff58691000 	/System/Library/PrivateFrameworks/GenerationalStorage.framework/Versions/A/GenerationalStorage
0x00007fff5082c000 	/System/Library/PrivateFrameworks/CoreSymbolication.framework/Versions/A/CoreSymbolication
0x00007fff67637000 	/System/Library/PrivateFrameworks/SymptomDiagnosticReporter.framework/Versions/A/SymptomDiagnosticReporter
0x00007fff49fe5000 	/System/Library/PrivateFrameworks/AppContainer.framework/Versions/A/AppContainer
0x00007fff700c4000 	/usr/lib/libsandbox.1.dylib
0x00007fff68f90000 	/System/Library/PrivateFrameworks/UserManagement.framework/Versions/A/UserManagement
0x00007fff4cd89000 	/System/Library/PrivateFrameworks/ChunkingLibrary.framework/Versions/A/ChunkingLibrary
0x00007fff50fae000 	/System/Library/PrivateFrameworks/DebugSymbols.framework/Versions/A/DebugSymbols
0x00007fff4a057000 	/System/Library/PrivateFrameworks/AppSandbox.framework/Versions/A/AppSandbox
0x00007fff64c00000 	/System/Library/PrivateFrameworks/SecCodeWrapper.framework/Versions/A/SecCodeWrapper
0x00007fff6dee5000 	/usr/lib/libMatch.1.dylib
0x00007fff69d5c000 	/System/Library/PrivateFrameworks/ViewBridge.framework/Versions/A/ViewBridge


VM Arguments:
jvm_args: --add-modules=ALL-SYSTEM --add-opens=java.base/java.util=ALL-UNNAMED --add-opens=java.base/java.lang=ALL-UNNAMED --add-opens=java.base/sun.nio.fs=ALL-UNNAMED -Declipse.application=org.eclipse.jdt.ls.core.id1 -Dosgi.bundles.defaultStartLevel=4 -Declipse.product=org.eclipse.jdt.ls.core.product -Djava.import.generatesMetadataFilesAtProjectRoot=false -Dfile.encoding=utf8 -XX:+UseParallelGC -XX:GCTimeRatio=4 -XX:AdaptiveSizePolicyWeight=90 -Dsun.zip.disableMemoryMapping=true -Xmx1G -Xms100m -javaagent:/Users/rupesh/.vscode/extensions/gabrielbb.vscode-lombok-1.0.1/server/lombok.jar -XX:+HeapDumpOnOutOfMemoryError -XX:HeapDumpPath=/Users/rupesh/Library/Application Support/Code/User/workspaceStorage/2fb61b805182e75c9dc8e37fd030b885/redhat.java 
java_command: /Users/rupesh/.vscode/extensions/redhat.java-1.4.0/server/plugins/org.eclipse.equinox.launcher_1.6.400.v20210924-0641.jar -configuration /Users/rupesh/Library/Application Support/Code/User/globalStorage/redhat.java/1.4.0/config_mac -data /Users/rupesh/Library/Application Support/Code/User/workspaceStorage/2fb61b805182e75c9dc8e37fd030b885/redhat.java/jdt_ws
java_class_path (initial): /Users/rupesh/.vscode/extensions/redhat.java-1.4.0/server/plugins/org.eclipse.equinox.launcher_1.6.400.v20210924-0641.jar
Launcher Type: SUN_STANDARD

[Global flags]
    uintx AdaptiveSizePolicyWeight                 = 90                                        {product} {command line}
     intx CICompilerCount                          = 3                                         {product} {ergonomic}
    uintx GCTimeRatio                              = 4                                         {product} {command line}
     bool HeapDumpOnOutOfMemoryError               = true                                   {manageable} {command line}
    ccstr HeapDumpPath                             = /Users/rupesh/Library/Application Support/Code/User/workspaceStorage/2fb61b805182e75c9dc8e37fd030b885/redhat.java         {manageable} {command line}
   size_t InitialHeapSize                          = 104857600                                 {product} {command line}
   size_t MaxHeapSize                              = 1073741824                                {product} {command line}
   size_t MaxNewSize                               = 357564416                                 {product} {ergonomic}
   size_t MinHeapDeltaBytes                        = 524288                                    {product} {ergonomic}
   size_t MinHeapSize                              = 104857600                                 {product} {command line}
   size_t NewSize                                  = 34603008                                  {product} {ergonomic}
    uintx NonNMethodCodeHeapSize                   = 5832780                                {pd product} {ergonomic}
    uintx NonProfiledCodeHeapSize                  = 122912730                              {pd product} {ergonomic}
   size_t OldSize                                  = 70254592                                  {product} {ergonomic}
    uintx ProfiledCodeHeapSize                     = 122912730                              {pd product} {ergonomic}
    uintx ReservedCodeCacheSize                    = 251658240                              {pd product} {ergonomic}
     bool SegmentedCodeCache                       = true                                      {product} {ergonomic}
   size_t SoftMaxHeapSize                          = 1073741824                             {manageable} {ergonomic}
     bool UseCompressedClassPointers               = true                           {product lp64_product} {ergonomic}
     bool UseCompressedOops                        = true                           {product lp64_product} {ergonomic}
     bool UseNUMA                                  = false                                     {product} {ergonomic}
     bool UseNUMAInterleaving                      = false                                     {product} {ergonomic}
     bool UseParallelGC                            = true                                      {product} {command line}

Logging:
Log output configuration:
 #0: stdout all=warning uptime,level,tags
 #1: stderr all=off uptime,level,tags

Environment Variables:
JAVA_HOME=/Library/Java/JavaVirtualMachines/jdk-17.0.2.jdk/Contents/Home
PATH=/Volumes/E/Software/apache-maven-3.8.1/bin:/usr/local/bin:/usr/bin:/bin:/usr/sbin:/sbin:/usr/local/go/bin:/Library/Apple/usr/bin
SHELL=/bin/bash

Signal Handlers:
   SIGSEGV: crash_handler in libjvm.dylib, mask=11100110000111110111111111111111, flags=SA_RESTART|SA_SIGINFO
    SIGBUS: crash_handler in libjvm.dylib, mask=11100110000111110111111111111111, flags=SA_RESTART|SA_SIGINFO
    SIGFPE: crash_handler in libjvm.dylib, mask=11100110000111110111111111111111, flags=SA_RESTART|SA_SIGINFO
   SIGPIPE: javaSignalHandler in libjvm.dylib, mask=11100110000111110111111111111111, flags=SA_RESTART|SA_SIGINFO
   SIGXFSZ: javaSignalHandler in libjvm.dylib, mask=11100110000111110111111111111111, flags=SA_RESTART|SA_SIGINFO
    SIGILL: crash_handler in libjvm.dylib, mask=11100110000111110111111111111111, flags=SA_RESTART|SA_SIGINFO
   SIGUSR2: SR_handler in libjvm.dylib, mask=00000000000000000000000000000000, flags=SA_RESTART|SA_SIGINFO
    SIGHUP: UserHandler in libjvm.dylib, mask=11100110000111110111111111111111, flags=SA_RESTART|SA_SIGINFO
    SIGINT: UserHandler in libjvm.dylib, mask=11100110000111110111111111111111, flags=SA_RESTART|SA_SIGINFO
   SIGTERM: UserHandler in libjvm.dylib, mask=11100110000111110111111111111111, flags=SA_RESTART|SA_SIGINFO
   SIGQUIT: UserHandler in libjvm.dylib, mask=11100110000111110111111111111111, flags=SA_RESTART|SA_SIGINFO
   SIGTRAP: crash_handler in libjvm.dylib, mask=11100110000111110111111111111111, flags=SA_RESTART|SA_SIGINFO


---------------  S Y S T E M  ---------------

OS:
uname: Darwin 19.6.0 Darwin Kernel Version 19.6.0: Thu Oct 29 22:56:45 PDT 2020; root:xnu-6153.141.2.2~1/RELEASE_X86_64 x86_64
OS uptime: 0 days 12:56 hours
rlimit (soft/hard): STACK 8192k/65532k , CORE 0k/infinity , NPROC 2784/4176 , NOFILE 10240/infinity , AS infinity/infinity , CPU infinity/infinity , DATA infinity/infinity , FSIZE infinity/infinity , MEMLOCK infinity/infinity , RSS infinity/infinity
load average: 35.46 14.35 8.01

CPU: total 4 (initial active 4) (2 cores per cpu, 2 threads per core) family 6 model 58 stepping 9 microcode 0x21, cx8, cmov, fxsr, ht, mmx, sse, sse2, sse3, ssse3, sse4.1, sse4.2, popcnt, tsc, tscinvbit, avx, aes, erms, clmul, vzeroupper, clflush

Memory: 4k page, physical 16777216k(409340k free), swap 1048576k(939008k free)

vm_info: OpenJDK 64-Bit Server VM (17.0.2+8) for bsd-amd64 JRE (17.0.2+8), built on Jan 20 2022 10:57:18 by "jenkins" with clang 4.2.1 Compatible Apple LLVM 10.0.1 (clang-1001.0.46.4)

END.
